#! /c/Source/iverilog-install/bin/vvp
:ivl_version "12.0 (devel)" "(s20150603-1539-g2693dd32b)";
:ivl_delay_selection "TYPICAL";
:vpi_time_precision - 12;
:vpi_module "C:\iverilog\lib\ivl\system.vpi";
:vpi_module "C:\iverilog\lib\ivl\vhdl_sys.vpi";
:vpi_module "C:\iverilog\lib\ivl\vhdl_textio.vpi";
:vpi_module "C:\iverilog\lib\ivl\v2005_math.vpi";
:vpi_module "C:\iverilog\lib\ivl\va_math.vpi";
S_00000215b8de2a10 .scope module, "i2c_master_tb" "i2c_master_tb" 2 3;
 .timescale -9 -12;
v00000215b8e58030_0 .var *"_ivl_0", 0 0; Local signal
v00000215b8e5ac90_0 .var "addr", 6 0;
v00000215b8e5a8d0_0 .var "clk", 0 0;
v00000215b8e5bb90_0 .var "data_in", 7 0;
v00000215b8e5c090_0 .net "data_out", 7 0, v00000215b8e58ad0_0;  1 drivers
v00000215b8e5ad30_0 .var "enable", 0 0;
v00000215b8e5b870_0 .net "i2c_scl", 0 0, L_00000215b8e5add0;  1 drivers
RS_00000215b8dfe6c8 .resolv tri, L_00000215b8e5c450, L_00000215b8e5ab50;
v00000215b8e5b9b0_0 .net8 "i2c_sda", 0 0, RS_00000215b8dfe6c8;  2 drivers
v00000215b8e5c130_0 .net "ready", 0 0, L_00000215b8e5b410;  1 drivers
v00000215b8e5ba50_0 .var "rst", 0 0;
v00000215b8e5aab0_0 .var "rw", 0 0;
S_00000215b8de2ba0 .scope module, "master" "i2c_master" 2 22, 3 7 0, S_00000215b8de2a10;
 .timescale -9 -12;
    .port_info 0 /INPUT 1 "clk";
    .port_info 1 /INPUT 1 "rst";
    .port_info 2 /INPUT 7 "addr";
    .port_info 3 /INPUT 8 "data_in";
    .port_info 4 /INPUT 1 "enable";
    .port_info 5 /INPUT 1 "rw";
    .port_info 6 /OUTPUT 8 "data_out";
    .port_info 7 /OUTPUT 1 "ready";
    .port_info 8 /INOUT 1 "i2c_sda";
    .port_info 9 /INOUT 1 "i2c_scl";
P_00000215b8ebe990 .param/l "ADDRESS" 1 3 24, +C4<00000000000000000000000000000010>;
P_00000215b8ebe9c8 .param/l "DIVIDE_BY" 1 3 32, +C4<00000000000000000000000000000100>;
P_00000215b8ebea00 .param/l "IDLE" 1 3 22, +C4<00000000000000000000000000000000>;
P_00000215b8ebea38 .param/l "READ_ACK" 1 3 25, +C4<00000000000000000000000000000011>;
P_00000215b8ebea70 .param/l "READ_ACK2" 1 3 29, +C4<00000000000000000000000000000111>;
P_00000215b8ebeaa8 .param/l "READ_DATA" 1 3 28, +C4<00000000000000000000000000000110>;
P_00000215b8ebeae0 .param/l "START" 1 3 23, +C4<00000000000000000000000000000001>;
P_00000215b8ebeb18 .param/l "STOP" 1 3 30, +C4<00000000000000000000000000001000>;
P_00000215b8ebeb50 .param/l "WRITE_ACK" 1 3 27, +C4<00000000000000000000000000000101>;
P_00000215b8ebeb88 .param/l "WRITE_DATA" 1 3 26, +C4<00000000000000000000000000000100>;
L_00000215b8df60e0 .functor AND 1, L_00000215b8e5baf0, L_00000215b8e5bd70, C4<1>, C4<1>;
v00000215b8dbeee0_0 .net *"_ivl_0", 31 0, L_00000215b8e5c1d0;  1 drivers
L_00000215b8ec0118 .functor BUFT 1, C4<000000000000000000000000>, C4<0>, C4<0>, C4<0>;
v00000215b8dbe440_0 .net *"_ivl_11", 23 0, L_00000215b8ec0118;  1 drivers
L_00000215b8ec0160 .functor BUFT 1, C4<00000000000000000000000000000000>, C4<0>, C4<0>, C4<0>;
v00000215b8dbec60_0 .net/2u *"_ivl_12", 31 0, L_00000215b8ec0160;  1 drivers
v00000215b8dbe080_0 .net *"_ivl_14", 0 0, L_00000215b8e5bd70;  1 drivers
v00000215b8dbe4e0_0 .net *"_ivl_17", 0 0, L_00000215b8df60e0;  1 drivers
L_00000215b8ec01a8 .functor BUFT 1, C4<01>, C4<0>, C4<0>, C4<0>;
v00000215b8dbea80_0 .net/2s *"_ivl_18", 1 0, L_00000215b8ec01a8;  1 drivers
L_00000215b8ec01f0 .functor BUFT 1, C4<00>, C4<0>, C4<0>, C4<0>;
v00000215b8dbe580_0 .net/2s *"_ivl_20", 1 0, L_00000215b8ec01f0;  1 drivers
v00000215b8dbe1c0_0 .net *"_ivl_22", 1 0, L_00000215b8e5a650;  1 drivers
v00000215b8dbe800_0 .net *"_ivl_26", 31 0, L_00000215b8e5ae70;  1 drivers
L_00000215b8ec0238 .functor BUFT 1, C4<0000000000000000000000000000000>, C4<0>, C4<0>, C4<0>;
v00000215b8dbe260_0 .net *"_ivl_29", 30 0, L_00000215b8ec0238;  1 drivers
L_00000215b8ec0088 .functor BUFT 1, C4<0000000000000000000000000000000>, C4<0>, C4<0>, C4<0>;
v00000215b8dbe8a0_0 .net *"_ivl_3", 30 0, L_00000215b8ec0088;  1 drivers
L_00000215b8ec0280 .functor BUFT 1, C4<00000000000000000000000000000000>, C4<0>, C4<0>, C4<0>;
v00000215b8e57090_0 .net/2u *"_ivl_30", 31 0, L_00000215b8ec0280;  1 drivers
v00000215b8e57810_0 .net *"_ivl_32", 0 0, L_00000215b8e5b2d0;  1 drivers
L_00000215b8ec02c8 .functor BUFT 1, C4<01>, C4<0>, C4<0>, C4<0>;
v00000215b8e57ef0_0 .net/2u *"_ivl_34", 1 0, L_00000215b8ec02c8;  1 drivers
v00000215b8e58a30_0 .net *"_ivl_36", 1 0, L_00000215b8e5b910;  1 drivers
L_00000215b8ec0310 .functor BUFT 1, C4<0>, C4<0>, C4<0>, C4<0>;
v00000215b8e57a90_0 .net *"_ivl_39", 0 0, L_00000215b8ec0310;  1 drivers
L_00000215b8ec00d0 .functor BUFT 1, C4<00000000000000000000000000000000>, C4<0>, C4<0>, C4<0>;
v00000215b8e57770_0 .net/2u *"_ivl_4", 31 0, L_00000215b8ec00d0;  1 drivers
v00000215b8e580d0_0 .net *"_ivl_40", 1 0, L_00000215b8e5a6f0;  1 drivers
v00000215b8e58b70_0 .net *"_ivl_44", 31 0, L_00000215b8e5b370;  1 drivers
L_00000215b8ec0358 .functor BUFT 1, C4<0000000000000000000000000000000>, C4<0>, C4<0>, C4<0>;
v00000215b8e58490_0 .net *"_ivl_47", 30 0, L_00000215b8ec0358;  1 drivers
L_00000215b8ec03a0 .functor BUFT 1, C4<00000000000000000000000000000001>, C4<0>, C4<0>, C4<0>;
v00000215b8e57130_0 .net/2u *"_ivl_48", 31 0, L_00000215b8ec03a0;  1 drivers
v00000215b8e57c70_0 .net *"_ivl_50", 0 0, L_00000215b8e5abf0;  1 drivers
o00000215b8dfe458 .functor BUFZ 1, C4<z>; HiZ drive
; Elide local net with no drivers, v00000215b8e58df0_0 name=_ivl_52
v00000215b8e571d0_0 .net *"_ivl_6", 0 0, L_00000215b8e5baf0;  1 drivers
v00000215b8e57db0_0 .net *"_ivl_8", 31 0, L_00000215b8e5b4b0;  1 drivers
v00000215b8e58670_0 .net "addr", 6 0, v00000215b8e5ac90_0;  1 drivers
v00000215b8e58350_0 .net "clk", 0 0, v00000215b8e5a8d0_0;  1 drivers
v00000215b8e58170_0 .var "counter", 7 0;
v00000215b8e58530_0 .var "counter2", 7 0;
v00000215b8e57270_0 .net "data_in", 7 0, v00000215b8e5bb90_0;  1 drivers
v00000215b8e58ad0_0 .var "data_out", 7 0;
v00000215b8e57e50_0 .net "enable", 0 0, v00000215b8e5ad30_0;  1 drivers
v00000215b8e574f0_0 .var "i2c_clk", 0 0;
v00000215b8e579f0_0 .net "i2c_scl", 0 0, L_00000215b8e5add0;  alias, 1 drivers
v00000215b8e58210_0 .var "i2c_scl_enable", 0 0;
v00000215b8e583f0_0 .net8 "i2c_sda", 0 0, RS_00000215b8dfe6c8;  alias, 2 drivers
v00000215b8e57d10_0 .net "ready", 0 0, L_00000215b8e5b410;  alias, 1 drivers
v00000215b8e58710_0 .net "rst", 0 0, v00000215b8e5ba50_0;  1 drivers
v00000215b8e57950_0 .net "rw", 0 0, v00000215b8e5aab0_0;  1 drivers
v00000215b8e582b0_0 .var "saved_addr", 7 0;
v00000215b8e57630_0 .var "saved_data", 7 0;
v00000215b8e57b30_0 .var "sda_out", 0 0;
v00000215b8e573b0_0 .var "state", 7 0;
v00000215b8e576d0_0 .var "write_enable", 0 0;
E_00000215b8dfbcb0/0 .event negedge, v00000215b8e574f0_0;
E_00000215b8dfbcb0/1 .event posedge, v00000215b8e58710_0;
E_00000215b8dfbcb0 .event/or E_00000215b8dfbcb0/0, E_00000215b8dfbcb0/1;
E_00000215b8dfbdb0 .event posedge, v00000215b8e58710_0, v00000215b8e574f0_0;
E_00000215b8dfc030 .event posedge, v00000215b8e58350_0;
L_00000215b8e5c1d0 .concat [ 1 31 0 0], v00000215b8e5ba50_0, L_00000215b8ec0088;
L_00000215b8e5baf0 .cmp/eq 32, L_00000215b8e5c1d0, L_00000215b8ec00d0;
L_00000215b8e5b4b0 .concat [ 8 24 0 0], v00000215b8e573b0_0, L_00000215b8ec0118;
L_00000215b8e5bd70 .cmp/eq 32, L_00000215b8e5b4b0, L_00000215b8ec0160;
L_00000215b8e5a650 .functor MUXZ 2, L_00000215b8ec01f0, L_00000215b8ec01a8, L_00000215b8df60e0, C4<>;
L_00000215b8e5b410 .part L_00000215b8e5a650, 0, 1;
L_00000215b8e5ae70 .concat [ 1 31 0 0], v00000215b8e58210_0, L_00000215b8ec0238;
L_00000215b8e5b2d0 .cmp/eq 32, L_00000215b8e5ae70, L_00000215b8ec0280;
L_00000215b8e5b910 .concat [ 1 1 0 0], v00000215b8e574f0_0, L_00000215b8ec0310;
L_00000215b8e5a6f0 .functor MUXZ 2, L_00000215b8e5b910, L_00000215b8ec02c8, L_00000215b8e5b2d0, C4<>;
L_00000215b8e5add0 .part L_00000215b8e5a6f0, 0, 1;
L_00000215b8e5b370 .concat [ 1 31 0 0], v00000215b8e576d0_0, L_00000215b8ec0358;
L_00000215b8e5abf0 .cmp/eq 32, L_00000215b8e5b370, L_00000215b8ec03a0;
L_00000215b8e5c450 .functor MUXZ 1, o00000215b8dfe458, v00000215b8e57b30_0, L_00000215b8e5abf0, C4<>;
S_00000215b8e59050 .scope module, "slave" "i2c_slave" 2 36, 4 3 0, S_00000215b8de2a10;
 .timescale -9 -12;
    .port_info 0 /INOUT 1 "sda";
    .port_info 1 /INOUT 1 "scl";
P_00000215b8de2d30 .param/l "ADDRESS" 1 4 8, C4<0101010>;
P_00000215b8de2d68 .param/l "READ_ADDR" 1 4 10, +C4<00000000000000000000000000000000>;
P_00000215b8de2da0 .param/l "READ_DATA" 1 4 12, +C4<00000000000000000000000000000010>;
P_00000215b8de2dd8 .param/l "SEND_ACK" 1 4 11, +C4<00000000000000000000000000000001>;
P_00000215b8de2e10 .param/l "SEND_ACK2" 1 4 14, +C4<00000000000000000000000000000100>;
P_00000215b8de2e48 .param/l "WRITE_DATA" 1 4 13, +C4<00000000000000000000000000000011>;
v00000215b8e58e90_0 .net *"_ivl_0", 31 0, L_00000215b8e5af10;  1 drivers
L_00000215b8ec03e8 .functor BUFT 1, C4<0000000000000000000000000000000>, C4<0>, C4<0>, C4<0>;
v00000215b8e58c10_0 .net *"_ivl_3", 30 0, L_00000215b8ec03e8;  1 drivers
L_00000215b8ec0430 .functor BUFT 1, C4<00000000000000000000000000000001>, C4<0>, C4<0>, C4<0>;
v00000215b8e58850_0 .net/2u *"_ivl_4", 31 0, L_00000215b8ec0430;  1 drivers
v00000215b8e585d0_0 .net *"_ivl_6", 0 0, L_00000215b8e5b550;  1 drivers
o00000215b8dfeb18 .functor BUFZ 1, C4<z>; HiZ drive
; Elide local net with no drivers, v00000215b8e58990_0 name=_ivl_8
v00000215b8e57450_0 .var "addr", 7 0;
v00000215b8e58cb0_0 .var "counter", 7 0;
v00000215b8e587b0_0 .var "data_in", 7 0;
v00000215b8e57310_0 .var "data_out", 7 0;
v00000215b8e588f0_0 .net "scl", 0 0, L_00000215b8e5add0;  alias, 1 drivers
v00000215b8e58d50_0 .net8 "sda", 0 0, RS_00000215b8dfe6c8;  alias, 2 drivers
v00000215b8e58f30_0 .var "sda_in", 0 0;
v00000215b8e57590_0 .var "sda_out", 0 0;
v00000215b8e578b0_0 .var "start", 0 0;
v00000215b8e57bd0_0 .var "state", 7 0;
v00000215b8e57f90_0 .var "write_enable", 0 0;
E_00000215b8dfb830 .event negedge, v00000215b8e579f0_0;
E_00000215b8dfbab0 .event posedge, v00000215b8e579f0_0;
E_00000215b8dfbfb0 .event posedge, v00000215b8e583f0_0;
E_00000215b8dfb7b0 .event negedge, v00000215b8e583f0_0;
L_00000215b8e5af10 .concat [ 1 31 0 0], v00000215b8e57f90_0, L_00000215b8ec03e8;
L_00000215b8e5b550 .cmp/eq 32, L_00000215b8e5af10, L_00000215b8ec0430;
L_00000215b8e5ab50 .functor MUXZ 1, o00000215b8dfeb18, v00000215b8e57590_0, L_00000215b8e5b550, C4<>;
    .scope S_00000215b8de2ba0;
T_0 ;
    %pushi/vec4 0, 0, 8;
    %store/vec4 v00000215b8e58530_0, 0, 8;
    %pushi/vec4 0, 0, 1;
    %store/vec4 v00000215b8e58210_0, 0, 1;
    %pushi/vec4 1, 0, 1;
    %store/vec4 v00000215b8e574f0_0, 0, 1;
    %end;
    .thread T_0;
    .scope S_00000215b8de2ba0;
T_1 ;
    %wait E_00000215b8dfc030;
    %load/vec4 v00000215b8e58530_0;
    %pad/u 32;
    %cmpi/e 1, 0, 32;
    %jmp/0xz  T_1.0, 4;
    %load/vec4 v00000215b8e574f0_0;
    %inv;
    %assign/vec4 v00000215b8e574f0_0, 0;
    %pushi/vec4 0, 0, 8;
    %assign/vec4 v00000215b8e58530_0, 0;
    %jmp T_1.1;
T_1.0 ;
    %load/vec4 v00000215b8e58530_0;
    %addi 1, 0, 8;
    %assign/vec4 v00000215b8e58530_0, 0;
T_1.1 ;
    %jmp T_1;
    .thread T_1;
    .scope S_00000215b8de2ba0;
T_2 ;
    %wait E_00000215b8dfbcb0;
    %load/vec4 v00000215b8e58710_0;
    %pad/u 32;
    %cmpi/e 1, 0, 32;
    %jmp/0xz  T_2.0, 4;
    %pushi/vec4 0, 0, 1;
    %assign/vec4 v00000215b8e58210_0, 0;
    %jmp T_2.1;
T_2.0 ;
    %load/vec4 v00000215b8e573b0_0;
    %pad/u 32;
    %cmpi/e 0, 0, 32;
    %jmp/1 T_2.5, 4;
    %flag_mov 8, 4;
    %load/vec4 v00000215b8e573b0_0;
    %pad/u 32;
    %cmpi/e 1, 0, 32;
    %flag_or 4, 8;
T_2.5;
    %jmp/1 T_2.4, 4;
    %flag_mov 8, 4;
    %load/vec4 v00000215b8e573b0_0;
    %pad/u 32;
    %cmpi/e 8, 0, 32;
    %flag_or 4, 8;
T_2.4;
    %jmp/0xz  T_2.2, 4;
    %pushi/vec4 0, 0, 1;
    %assign/vec4 v00000215b8e58210_0, 0;
    %jmp T_2.3;
T_2.2 ;
    %pushi/vec4 1, 0, 1;
    %assign/vec4 v00000215b8e58210_0, 0;
T_2.3 ;
T_2.1 ;
    %jmp T_2;
    .thread T_2;
    .scope S_00000215b8de2ba0;
T_3 ;
    %wait E_00000215b8dfbdb0;
    %load/vec4 v00000215b8e58710_0;
    %pad/u 32;
    %cmpi/e 1, 0, 32;
    %jmp/0xz  T_3.0, 4;
    %pushi/vec4 0, 0, 8;
    %assign/vec4 v00000215b8e573b0_0, 0;
    %jmp T_3.1;
T_3.0 ;
    %load/vec4 v00000215b8e573b0_0;
    %dup/vec4;
    %pushi/vec4 0, 0, 8;
    %cmp/u;
    %jmp/1 T_3.2, 6;
    %dup/vec4;
    %pushi/vec4 1, 0, 8;
    %cmp/u;
    %jmp/1 T_3.3, 6;
    %dup/vec4;
    %pushi/vec4 2, 0, 8;
    %cmp/u;
    %jmp/1 T_3.4, 6;
    %dup/vec4;
    %pushi/vec4 3, 0, 8;
    %cmp/u;
    %jmp/1 T_3.5, 6;
    %dup/vec4;
    %pushi/vec4 4, 0, 8;
    %cmp/u;
    %jmp/1 T_3.6, 6;
    %dup/vec4;
    %pushi/vec4 7, 0, 8;
    %cmp/u;
    %jmp/1 T_3.7, 6;
    %dup/vec4;
    %pushi/vec4 6, 0, 8;
    %cmp/u;
    %jmp/1 T_3.8, 6;
    %dup/vec4;
    %pushi/vec4 5, 0, 8;
    %cmp/u;
    %jmp/1 T_3.9, 6;
    %dup/vec4;
    %pushi/vec4 8, 0, 8;
    %cmp/u;
    %jmp/1 T_3.10, 6;
    %jmp T_3.11;
T_3.2 ;
    %load/vec4 v00000215b8e57e50_0;
    %flag_set/vec4 8;
    %jmp/0xz  T_3.12, 8;
    %pushi/vec4 1, 0, 8;
    %assign/vec4 v00000215b8e573b0_0, 0;
    %load/vec4 v00000215b8e58670_0;
    %load/vec4 v00000215b8e57950_0;
    %concat/vec4; draw_concat_vec4
    %assign/vec4 v00000215b8e582b0_0, 0;
    %load/vec4 v00000215b8e57270_0;
    %assign/vec4 v00000215b8e57630_0, 0;
    %jmp T_3.13;
T_3.12 ;
    %pushi/vec4 0, 0, 8;
    %assign/vec4 v00000215b8e573b0_0, 0;
T_3.13 ;
    %jmp T_3.11;
T_3.3 ;
    %pushi/vec4 7, 0, 8;
    %assign/vec4 v00000215b8e58170_0, 0;
    %pushi/vec4 2, 0, 8;
    %assign/vec4 v00000215b8e573b0_0, 0;
    %jmp T_3.11;
T_3.4 ;
    %load/vec4 v00000215b8e58170_0;
    %pad/u 32;
    %cmpi/e 0, 0, 32;
    %jmp/0xz  T_3.14, 4;
    %pushi/vec4 3, 0, 8;
    %assign/vec4 v00000215b8e573b0_0, 0;
    %jmp T_3.15;
T_3.14 ;
    %load/vec4 v00000215b8e58170_0;
    %subi 1, 0, 8;
    %assign/vec4 v00000215b8e58170_0, 0;
T_3.15 ;
    %jmp T_3.11;
T_3.5 ;
    %load/vec4 v00000215b8e583f0_0;
    %pad/u 32;
    %cmpi/e 0, 0, 32;
    %jmp/0xz  T_3.16, 4;
    %pushi/vec4 7, 0, 8;
    %assign/vec4 v00000215b8e58170_0, 0;
    %load/vec4 v00000215b8e582b0_0;
    %parti/s 1, 0, 2;
    %pad/u 32;
    %cmpi/e 0, 0, 32;
    %jmp/0xz  T_3.18, 4;
    %pushi/vec4 4, 0, 8;
    %assign/vec4 v00000215b8e573b0_0, 0;
    %jmp T_3.19;
T_3.18 ;
    %pushi/vec4 6, 0, 8;
    %assign/vec4 v00000215b8e573b0_0, 0;
T_3.19 ;
    %jmp T_3.17;
T_3.16 ;
    %pushi/vec4 8, 0, 8;
    %assign/vec4 v00000215b8e573b0_0, 0;
T_3.17 ;
    %jmp T_3.11;
T_3.6 ;
    %load/vec4 v00000215b8e58170_0;
    %pad/u 32;
    %cmpi/e 0, 0, 32;
    %jmp/0xz  T_3.20, 4;
    %pushi/vec4 7, 0, 8;
    %assign/vec4 v00000215b8e573b0_0, 0;
    %jmp T_3.21;
T_3.20 ;
    %load/vec4 v00000215b8e58170_0;
    %subi 1, 0, 8;
    %assign/vec4 v00000215b8e58170_0, 0;
T_3.21 ;
    %jmp T_3.11;
T_3.7 ;
    %load/vec4 v00000215b8e583f0_0;
    %pad/u 32;
    %cmpi/e 0, 0, 32;
    %flag_get/vec4 4;
    %jmp/0 T_3.24, 4;
    %load/vec4 v00000215b8e57e50_0;
    %pad/u 32;
    %pushi/vec4 1, 0, 32;
    %cmp/e;
    %flag_get/vec4 4;
    %and;
T_3.24;
    %flag_set/vec4 8;
    %jmp/0xz  T_3.22, 8;
    %pushi/vec4 0, 0, 8;
    %assign/vec4 v00000215b8e573b0_0, 0;
    %jmp T_3.23;
T_3.22 ;
    %pushi/vec4 8, 0, 8;
    %assign/vec4 v00000215b8e573b0_0, 0;
T_3.23 ;
    %jmp T_3.11;
T_3.8 ;
    %load/vec4 v00000215b8e583f0_0;
    %ix/load 5, 0, 0;
    %ix/getv 4, v00000215b8e58170_0;
    %assign/vec4/off/d v00000215b8e58ad0_0, 4, 5;
    %load/vec4 v00000215b8e58170_0;
    %pad/u 32;
    %cmpi/e 0, 0, 32;
    %jmp/0xz  T_3.25, 4;
    %pushi/vec4 5, 0, 8;
    %assign/vec4 v00000215b8e573b0_0, 0;
    %jmp T_3.26;
T_3.25 ;
    %load/vec4 v00000215b8e58170_0;
    %subi 1, 0, 8;
    %assign/vec4 v00000215b8e58170_0, 0;
T_3.26 ;
    %jmp T_3.11;
T_3.9 ;
    %pushi/vec4 8, 0, 8;
    %assign/vec4 v00000215b8e573b0_0, 0;
    %jmp T_3.11;
T_3.10 ;
    %pushi/vec4 0, 0, 8;
    %assign/vec4 v00000215b8e573b0_0, 0;
    %jmp T_3.11;
T_3.11 ;
    %pop/vec4 1;
T_3.1 ;
    %jmp T_3;
    .thread T_3;
    .scope S_00000215b8de2ba0;
T_4 ;
    %wait E_00000215b8dfbcb0;
    %load/vec4 v00000215b8e58710_0;
    %pad/u 32;
    %cmpi/e 1, 0, 32;
    %jmp/0xz  T_4.0, 4;
    %pushi/vec4 1, 0, 1;
    %assign/vec4 v00000215b8e576d0_0, 0;
    %pushi/vec4 1, 0, 1;
    %assign/vec4 v00000215b8e57b30_0, 0;
    %jmp T_4.1;
T_4.0 ;
    %load/vec4 v00000215b8e573b0_0;
    %dup/vec4;
    %pushi/vec4 1, 0, 8;
    %cmp/u;
    %jmp/1 T_4.2, 6;
    %dup/vec4;
    %pushi/vec4 2, 0, 8;
    %cmp/u;
    %jmp/1 T_4.3, 6;
    %dup/vec4;
    %pushi/vec4 3, 0, 8;
    %cmp/u;
    %jmp/1 T_4.4, 6;
    %dup/vec4;
    %pushi/vec4 4, 0, 8;
    %cmp/u;
    %jmp/1 T_4.5, 6;
    %dup/vec4;
    %pushi/vec4 5, 0, 8;
    %cmp/u;
    %jmp/1 T_4.6, 6;
    %dup/vec4;
    %pushi/vec4 6, 0, 8;
    %cmp/u;
    %jmp/1 T_4.7, 6;
    %dup/vec4;
    %pushi/vec4 8, 0, 8;
    %cmp/u;
    %jmp/1 T_4.8, 6;
    %jmp T_4.9;
T_4.2 ;
    %pushi/vec4 1, 0, 1;
    %assign/vec4 v00000215b8e576d0_0, 0;
    %pushi/vec4 0, 0, 1;
    %assign/vec4 v00000215b8e57b30_0, 0;
    %jmp T_4.9;
T_4.3 ;
    %load/vec4 v00000215b8e582b0_0;
    %load/vec4 v00000215b8e58170_0;
    %part/u 1;
    %assign/vec4 v00000215b8e57b30_0, 0;
    %jmp T_4.9;
T_4.4 ;
    %pushi/vec4 0, 0, 1;
    %assign/vec4 v00000215b8e576d0_0, 0;
    %jmp T_4.9;
T_4.5 ;
    %pushi/vec4 1, 0, 1;
    %assign/vec4 v00000215b8e576d0_0, 0;
    %load/vec4 v00000215b8e57630_0;
    %load/vec4 v00000215b8e58170_0;
    %part/u 1;
    %assign/vec4 v00000215b8e57b30_0, 0;
    %jmp T_4.9;
T_4.6 ;
    %pushi/vec4 1, 0, 1;
    %assign/vec4 v00000215b8e576d0_0, 0;
    %pushi/vec4 0, 0, 1;
    %assign/vec4 v00000215b8e57b30_0, 0;
    %jmp T_4.9;
T_4.7 ;
    %pushi/vec4 0, 0, 1;
    %assign/vec4 v00000215b8e576d0_0, 0;
    %jmp T_4.9;
T_4.8 ;
    %pushi/vec4 1, 0, 1;
    %assign/vec4 v00000215b8e576d0_0, 0;
    %pushi/vec4 1, 0, 1;
    %assign/vec4 v00000215b8e57b30_0, 0;
    %jmp T_4.9;
T_4.9 ;
    %pop/vec4 1;
T_4.1 ;
    %jmp T_4;
    .thread T_4;
    .scope S_00000215b8e59050;
T_5 ;
    %pushi/vec4 0, 0, 8;
    %store/vec4 v00000215b8e57bd0_0, 0, 8;
    %pushi/vec4 0, 0, 8;
    %store/vec4 v00000215b8e587b0_0, 0, 8;
    %pushi/vec4 204, 0, 8;
    %store/vec4 v00000215b8e57310_0, 0, 8;
    %pushi/vec4 0, 0, 1;
    %store/vec4 v00000215b8e57590_0, 0, 1;
    %pushi/vec4 0, 0, 1;
    %store/vec4 v00000215b8e58f30_0, 0, 1;
    %pushi/vec4 0, 0, 1;
    %store/vec4 v00000215b8e578b0_0, 0, 1;
    %pushi/vec4 0, 0, 1;
    %store/vec4 v00000215b8e57f90_0, 0, 1;
    %end;
    .thread T_5;
    .scope S_00000215b8e59050;
T_6 ;
    %wait E_00000215b8dfb7b0;
    %load/vec4 v00000215b8e578b0_0;
    %pad/u 32;
    %cmpi/e 0, 0, 32;
    %flag_get/vec4 4;
    %jmp/0 T_6.2, 4;
    %load/vec4 v00000215b8e588f0_0;
    %pad/u 32;
    %pushi/vec4 1, 0, 32;
    %cmp/e;
    %flag_get/vec4 4;
    %and;
T_6.2;
    %flag_set/vec4 8;
    %jmp/0xz  T_6.0, 8;
    %pushi/vec4 1, 0, 1;
    %assign/vec4 v00000215b8e578b0_0, 0;
    %pushi/vec4 7, 0, 8;
    %assign/vec4 v00000215b8e58cb0_0, 0;
T_6.0 ;
    %jmp T_6;
    .thread T_6;
    .scope S_00000215b8e59050;
T_7 ;
    %wait E_00000215b8dfbfb0;
    %load/vec4 v00000215b8e578b0_0;
    %pad/u 32;
    %cmpi/e 1, 0, 32;
    %flag_get/vec4 4;
    %jmp/0 T_7.2, 4;
    %load/vec4 v00000215b8e588f0_0;
    %pad/u 32;
    %pushi/vec4 1, 0, 32;
    %cmp/e;
    %flag_get/vec4 4;
    %and;
T_7.2;
    %flag_set/vec4 8;
    %jmp/0xz  T_7.0, 8;
    %pushi/vec4 0, 0, 8;
    %assign/vec4 v00000215b8e57bd0_0, 0;
    %pushi/vec4 0, 0, 1;
    %assign/vec4 v00000215b8e578b0_0, 0;
    %pushi/vec4 0, 0, 1;
    %assign/vec4 v00000215b8e57f90_0, 0;
T_7.0 ;
    %jmp T_7;
    .thread T_7;
    .scope S_00000215b8e59050;
T_8 ;
    %wait E_00000215b8dfbab0;
    %load/vec4 v00000215b8e578b0_0;
    %pad/u 32;
    %cmpi/e 1, 0, 32;
    %jmp/0xz  T_8.0, 4;
    %load/vec4 v00000215b8e57bd0_0;
    %dup/vec4;
    %pushi/vec4 0, 0, 8;
    %cmp/u;
    %jmp/1 T_8.2, 6;
    %dup/vec4;
    %pushi/vec4 1, 0, 8;
    %cmp/u;
    %jmp/1 T_8.3, 6;
    %dup/vec4;
    %pushi/vec4 2, 0, 8;
    %cmp/u;
    %jmp/1 T_8.4, 6;
    %dup/vec4;
    %pushi/vec4 4, 0, 8;
    %cmp/u;
    %jmp/1 T_8.5, 6;
    %dup/vec4;
    %pushi/vec4 3, 0, 8;
    %cmp/u;
    %jmp/1 T_8.6, 6;
    %jmp T_8.7;
T_8.2 ;
    %load/vec4 v00000215b8e58d50_0;
    %ix/load 5, 0, 0;
    %ix/getv 4, v00000215b8e58cb0_0;
    %assign/vec4/off/d v00000215b8e57450_0, 4, 5;
    %load/vec4 v00000215b8e58cb0_0;
    %pad/u 32;
    %cmpi/e 0, 0, 32;
    %jmp/0xz  T_8.8, 4;
    %pushi/vec4 1, 0, 8;
    %assign/vec4 v00000215b8e57bd0_0, 0;
    %jmp T_8.9;
T_8.8 ;
    %load/vec4 v00000215b8e58cb0_0;
    %subi 1, 0, 8;
    %assign/vec4 v00000215b8e58cb0_0, 0;
T_8.9 ;
    %jmp T_8.7;
T_8.3 ;
    %load/vec4 v00000215b8e57450_0;
    %parti/s 7, 1, 2;
    %cmpi/e 42, 0, 7;
    %jmp/0xz  T_8.10, 4;
    %pushi/vec4 7, 0, 8;
    %assign/vec4 v00000215b8e58cb0_0, 0;
    %load/vec4 v00000215b8e57450_0;
    %parti/s 1, 0, 2;
    %pad/u 32;
    %cmpi/e 0, 0, 32;
    %jmp/0xz  T_8.12, 4;
    %pushi/vec4 2, 0, 8;
    %assign/vec4 v00000215b8e57bd0_0, 0;
    %jmp T_8.13;
T_8.12 ;
    %pushi/vec4 3, 0, 8;
    %assign/vec4 v00000215b8e57bd0_0, 0;
T_8.13 ;
    %jmp T_8.11;
T_8.10 ;
    %pushi/vec4 0, 0, 8;
    %assign/vec4 v00000215b8e57bd0_0, 0;
    %pushi/vec4 0, 0, 1;
    %assign/vec4 v00000215b8e578b0_0, 0;
    %pushi/vec4 0, 0, 1;
    %assign/vec4 v00000215b8e57f90_0, 0;
T_8.11 ;
    %jmp T_8.7;
T_8.4 ;
    %load/vec4 v00000215b8e58d50_0;
    %ix/load 5, 0, 0;
    %ix/getv 4, v00000215b8e58cb0_0;
    %assign/vec4/off/d v00000215b8e587b0_0, 4, 5;
    %load/vec4 v00000215b8e58cb0_0;
    %pad/u 32;
    %cmpi/e 0, 0, 32;
    %jmp/0xz  T_8.14, 4;
    %pushi/vec4 4, 0, 8;
    %assign/vec4 v00000215b8e57bd0_0, 0;
    %jmp T_8.15;
T_8.14 ;
    %load/vec4 v00000215b8e58cb0_0;
    %subi 1, 0, 8;
    %assign/vec4 v00000215b8e58cb0_0, 0;
T_8.15 ;
    %jmp T_8.7;
T_8.5 ;
    %pushi/vec4 0, 0, 8;
    %assign/vec4 v00000215b8e57bd0_0, 0;
    %jmp T_8.7;
T_8.6 ;
    %load/vec4 v00000215b8e58cb0_0;
    %pad/u 32;
    %cmpi/e 0, 0, 32;
    %jmp/0xz  T_8.16, 4;
    %pushi/vec4 0, 0, 8;
    %assign/vec4 v00000215b8e57bd0_0, 0;
    %jmp T_8.17;
T_8.16 ;
    %load/vec4 v00000215b8e58cb0_0;
    %subi 1, 0, 8;
    %assign/vec4 v00000215b8e58cb0_0, 0;
T_8.17 ;
    %jmp T_8.7;
T_8.7 ;
    %pop/vec4 1;
T_8.0 ;
    %jmp T_8;
    .thread T_8;
    .scope S_00000215b8e59050;
T_9 ;
    %wait E_00000215b8dfb830;
    %load/vec4 v00000215b8e57bd0_0;
    %dup/vec4;
    %pushi/vec4 0, 0, 8;
    %cmp/u;
    %jmp/1 T_9.0, 6;
    %dup/vec4;
    %pushi/vec4 1, 0, 8;
    %cmp/u;
    %jmp/1 T_9.1, 6;
    %dup/vec4;
    %pushi/vec4 2, 0, 8;
    %cmp/u;
    %jmp/1 T_9.2, 6;
    %dup/vec4;
    %pushi/vec4 3, 0, 8;
    %cmp/u;
    %jmp/1 T_9.3, 6;
    %dup/vec4;
    %pushi/vec4 4, 0, 8;
    %cmp/u;
    %jmp/1 T_9.4, 6;
    %jmp T_9.5;
T_9.0 ;
    %pushi/vec4 0, 0, 1;
    %assign/vec4 v00000215b8e57f90_0, 0;
    %jmp T_9.5;
T_9.1 ;
    %pushi/vec4 0, 0, 1;
    %assign/vec4 v00000215b8e57590_0, 0;
    %pushi/vec4 1, 0, 1;
    %assign/vec4 v00000215b8e57f90_0, 0;
    %jmp T_9.5;
T_9.2 ;
    %pushi/vec4 0, 0, 1;
    %assign/vec4 v00000215b8e57f90_0, 0;
    %jmp T_9.5;
T_9.3 ;
    %load/vec4 v00000215b8e57310_0;
    %load/vec4 v00000215b8e58cb0_0;
    %part/u 1;
    %assign/vec4 v00000215b8e57590_0, 0;
    %pushi/vec4 1, 0, 1;
    %assign/vec4 v00000215b8e57f90_0, 0;
    %jmp T_9.5;
T_9.4 ;
    %pushi/vec4 0, 0, 1;
    %assign/vec4 v00000215b8e57590_0, 0;
    %pushi/vec4 1, 0, 1;
    %assign/vec4 v00000215b8e57f90_0, 0;
    %jmp T_9.5;
T_9.5 ;
    %pop/vec4 1;
    %jmp T_9;
    .thread T_9;
    .scope S_00000215b8de2a10;
T_10 ;
    %pushi/vec4 0, 0, 1;
    %store/vec4 v00000215b8e5a8d0_0, 0, 1;
T_10.0 ;
    %load/vec4 v00000215b8e5a8d0_0;
    %inv;
    %store/vec4 v00000215b8e58030_0, 0, 1;
    %pushi/vec4 1000, 0, 64;
    %ix/vec4 4;
    %delayx 4;
    %load/vec4 v00000215b8e58030_0;
    %store/vec4 v00000215b8e5a8d0_0, 0, 1;
    %jmp T_10.0;
    %end;
    .thread T_10;
    .scope S_00000215b8de2a10;
T_11 ;
    %vpi_call 2 50 "$dumpfile", "dump2.vcd" {0 0 0};
    %vpi_call 2 51 "$dumpvars", 32'sb00000000000000000000000000000000, S_00000215b8de2a10 {0 0 0};
    %pushi/vec4 0, 0, 1;
    %store/vec4 v00000215b8e5a8d0_0, 0, 1;
    %pushi/vec4 1, 0, 1;
    %store/vec4 v00000215b8e5ba50_0, 0, 1;
    %delay 100000, 0;
    %pushi/vec4 0, 0, 1;
    %store/vec4 v00000215b8e5ba50_0, 0, 1;
    %pushi/vec4 42, 0, 7;
    %store/vec4 v00000215b8e5ac90_0, 0, 7;
    %pushi/vec4 170, 0, 8;
    %store/vec4 v00000215b8e5bb90_0, 0, 8;
    %pushi/vec4 1, 0, 1;
    %store/vec4 v00000215b8e5aab0_0, 0, 1;
    %pushi/vec4 1, 0, 1;
    %store/vec4 v00000215b8e5ad30_0, 0, 1;
    %delay 10000, 0;
    %pushi/vec4 0, 0, 1;
    %store/vec4 v00000215b8e5ad30_0, 0, 1;
    %delay 500000, 0;
    %vpi_call 2 70 "$finish" {0 0 0};
    %end;
    .thread T_11;
# The file index is used to find the file name in the following table.
:file_names 5;
    "N/A";
    "<interactive>";
    ".\i2c_master_tb.v";
    ".\i2c_master.v";
    ".\i2c_slave.v";
